
═══════════════════════════════════════════════════════════

  MEP Dashboard Health Check — 2026-04-11T20:25:23.157Z
═══════════════════════════════════════════════════════════
═══════════════════════════════════════════════════════════
  Overall: 🟡 DEGRADED  (completed in 957ms)

  MEP Dashboard Health Check — 2026-04-11T20:25:23.157Z
  ✅ site availability        PASS
═══════════════════════════════════════════════════════════
       https://mep.hmviva.us/ → 200 (742ms)
       https://mep.hmviva.us/about → 200 (redirected) (107ms)
  Overall: 🟡 DEGRADED  (completed in 954ms)

       https://mep.hmviva.us/archive → 200 (redirected) (108ms)
  ⚠️  data freshness           WARN
  ✅ site availability        PASS
       Newest article: 12.2 min ago
       https://mep.hmviva.us/ → 200 (739ms)
       8 sources active
       https://mep.hmviva.us/about → 200 (redirected) (107ms)
       Total articles today: 149
       Zero articles from: Haaretz, CNN
       https://mep.hmviva.us/archive → 200 (redirected) (108ms)
  ✅ timestamp integrity      PASS
       No future-dated timestamps
  ⚠️  data freshness           WARN
       No clamping-bug clusters
       Newest article: 12.2 min ago
       JPost timezone offset vs others: -239.83h (OK)
       8 sources active
  ✅ synthesis health         PASS
       Total articles today: 149
       developments.json: 2.8 min old
       Zero articles from: Haaretz, CNN
       developments: 4 entries ✓
  ✅ timestamp integrity      PASS
       sitrep-latest.json: 40.1 min old
       No future-dated timestamps
       No clamping-bug clusters
       sitrep summary: present ✓
       JPost timezone offset vs others: -239.83h (OK)
  ✅ build health             PASS
  ✅ synthesis health         PASS
       src/data/latest.json: 2.8 min old
       developments.json: 2.8 min old
       dist/index.html: exists ✓
       PM2 war-dashboard: online (31 restarts)
       developments: 4 entries ✓
  ✅ ui smoke                 PASS
       sitrep-latest.json: 40.1 min old
       Fetched homepage in 293ms
       sitrep summary: present ✓
       ✓ Site title "Middle East Pulse"
  ✅ build health             PASS
       ✓ "SITUATION REPORT" section
       src/data/latest.json: 2.8 min old
       ✓ "Key Developments" section
       dist/index.html: exists ✓
       article-card count: 150 ✓
       PM2 war-dashboard: online (31 restarts)
       No bare undefined/null values in HTML ✓
       LIVE pill: present ✓
  ✅ ui smoke                 PASS

       Fetched homepage in 514ms
  📋 Summary: System is degraded. 1 check(s) raised warnings: data_freshness. No critical failures detected.
       ✓ Site title "Middle East Pulse"
  📁 Report saved to: /Users/michaelmatias/Projects/war-dashboard/data/health/2026-04-11-20.json
       ✓ "SITUATION REPORT" section
═══════════════════════════════════════════════════════════
       ✓ "Key Developments" section

       article-card count: 150 ✓
       No bare undefined/null values in HTML ✓
       LIVE pill: present ✓

  📋 Summary: System is degraded. 1 check(s) raised warnings: data_freshness. No critical failures detected.
  📁 Report saved to: /Users/michaelmatias/Projects/war-dashboard/data/health/2026-04-11-20.json
═══════════════════════════════════════════════════════════


═══════════════════════════════════════════════════════════
  MEP Dashboard Health Check — 2026-04-11T21:25:23.516Z
═══════════════════════════════════════════════════════════
  Overall: 🔴 CRITICAL  (completed in 216ms)

  ❌ site availability        FAIL
       https://mep.hmviva.us/ → ERROR: getaddrinfo ENOTFOUND mep.hmviva.us
       https://mep.hmviva.us/about → ERROR: getaddrinfo ENOTFOUND mep.hmviva.us
       https://mep.hmviva.us/archive → ERROR: getaddrinfo ENOTFOUND mep.hmviva.us
  ⚠️  data freshness           WARN
       Newest article: 4.6 min ago
       8 sources active
       Total articles today: 118
       Zero articles from: Haaretz, CNN
  ✅ timestamp integrity      PASS
       No future-dated timestamps
       No clamping-bug clusters
       JPost timezone offset vs others: -411.01h (OK)
  ✅ synthesis health         PASS
       developments.json: 2.5 min old
       developments: 4 entries ✓
       sitrep-latest.json: 39.7 min old
       sitrep summary: present ✓
  ✅ build health             PASS
       src/data/latest.json: 2.5 min old
       dist/index.html: exists ✓
       PM2 war-dashboard: online (31 restarts)
  ❌ ui smoke                 FAIL
       Failed to fetch homepage: getaddrinfo ENOTFOUND mep.hmviva.us

  📋 Summary: System is in a CRITICAL state. 2 check(s) failed: site_availability, ui_smoke. Additionally 1 warn(s): data_freshness. Immediate attention required.
  📁 Report saved to: /Users/michaelmatias/Projects/war-dashboard/data/health/2026-04-11-21.json
═══════════════════════════════════════════════════════════


═══════════════════════════════════════════════════════════
  MEP Dashboard Health Check — 2026-04-11T21:25:23.516Z
═══════════════════════════════════════════════════════════
  Overall: 🔴 CRITICAL  (completed in 217ms)

  ❌ site availability        FAIL
       https://mep.hmviva.us/ → ERROR: getaddrinfo ENOTFOUND mep.hmviva.us
       https://mep.hmviva.us/about → ERROR: getaddrinfo ENOTFOUND mep.hmviva.us
       https://mep.hmviva.us/archive → ERROR: getaddrinfo ENOTFOUND mep.hmviva.us
  ⚠️  data freshness           WARN
       Newest article: 4.6 min ago
       8 sources active
       Total articles today: 118
       Zero articles from: Haaretz, CNN
  ✅ timestamp integrity      PASS
       No future-dated timestamps
       No clamping-bug clusters
       JPost timezone offset vs others: -411.01h (OK)
  ✅ synthesis health         PASS
       developments.json: 2.5 min old
       developments: 4 entries ✓
       sitrep-latest.json: 39.7 min old
       sitrep summary: present ✓
  ✅ build health             PASS
       src/data/latest.json: 2.5 min old
       dist/index.html: exists ✓
       PM2 war-dashboard: online (31 restarts)
  ❌ ui smoke                 FAIL
       Failed to fetch homepage: getaddrinfo ENOTFOUND mep.hmviva.us

  📋 Summary: System is in a CRITICAL state. 2 check(s) failed: site_availability, ui_smoke. Additionally 1 warn(s): data_freshness. Immediate attention required.
  📁 Report saved to: /Users/michaelmatias/Projects/war-dashboard/data/health/2026-04-11-21.json
═══════════════════════════════════════════════════════════


═══════════════════════════════════════════════════════════
  MEP Dashboard Health Check — 2026-04-11T22:25:23.844Z
═══════════════════════════════════════════════════════════
  Overall: 🔴 CRITICAL  (completed in 216ms)

  ❌ site availability        FAIL
       https://mep.hmviva.us/ → ERROR: getaddrinfo ENOTFOUND mep.hmviva.us
       https://mep.hmviva.us/about → ERROR: getaddrinfo ENOTFOUND mep.hmviva.us
       https://mep.hmviva.us/archive → ERROR: getaddrinfo ENOTFOUND mep.hmviva.us
  ⚠️  data freshness           WARN
       Newest article: 10.9 min ago
       8 sources active
       Total articles today: 122
       Zero articles from: Haaretz, CNN
  ✅ timestamp integrity      PASS
       No future-dated timestamps
       No clamping-bug clusters
       JPost timezone offset vs others: -411.64h (OK)
  ✅ synthesis health         PASS
       developments.json: 2.1 min old
       developments: 4 entries ✓
       sitrep-latest.json: 39.5 min old
       sitrep summary: present ✓
  ✅ build health             PASS
       src/data/latest.json: 2.1 min old
       dist/index.html: exists ✓
       PM2 war-dashboard: online (31 restarts)
  ❌ ui smoke                 FAIL
       Failed to fetch homepage: getaddrinfo ENOTFOUND mep.hmviva.us

  📋 Summary: System is in a CRITICAL state. 2 check(s) failed: site_availability, ui_smoke. Additionally 1 warn(s): data_freshness. Immediate attention required.
  📁 Report saved to: /Users/michaelmatias/Projects/war-dashboard/data/health/2026-04-11-22.json
═══════════════════════════════════════════════════════════


═══════════════════════════════════════════════════════════
  MEP Dashboard Health Check — 2026-04-11T22:25:23.845Z
═══════════════════════════════════════════════════════════
  Overall: 🔴 CRITICAL  (completed in 216ms)

  ❌ site availability        FAIL
       https://mep.hmviva.us/ → ERROR: getaddrinfo ENOTFOUND mep.hmviva.us
       https://mep.hmviva.us/about → ERROR: getaddrinfo ENOTFOUND mep.hmviva.us
       https://mep.hmviva.us/archive → ERROR: getaddrinfo ENOTFOUND mep.hmviva.us
  ⚠️  data freshness           WARN
       Newest article: 10.9 min ago
       8 sources active
       Total articles today: 122
       Zero articles from: Haaretz, CNN
  ✅ timestamp integrity      PASS
       No future-dated timestamps
       No clamping-bug clusters
       JPost timezone offset vs others: -411.64h (OK)
  ✅ synthesis health         PASS
       developments.json: 2.1 min old
       developments: 4 entries ✓
       sitrep-latest.json: 39.5 min old
       sitrep summary: present ✓
  ✅ build health             PASS
       src/data/latest.json: 2.1 min old
       dist/index.html: exists ✓
       PM2 war-dashboard: online (31 restarts)
  ❌ ui smoke                 FAIL
       Failed to fetch homepage: getaddrinfo ENOTFOUND mep.hmviva.us

  📋 Summary: System is in a CRITICAL state. 2 check(s) failed: site_availability, ui_smoke. Additionally 1 warn(s): data_freshness. Immediate attention required.
  📁 Report saved to: /Users/michaelmatias/Projects/war-dashboard/data/health/2026-04-11-22.json
═══════════════════════════════════════════════════════════


═══════════════════════════════════════════════════════════
  MEP Dashboard Health Check — 2026-04-11T23:25:24.154Z
═══════════════════════════════════════════════════════════
  Overall: 🔴 CRITICAL  (completed in 245ms)

  ❌ site availability        FAIL
       https://mep.hmviva.us/ → ERROR: getaddrinfo ENOTFOUND mep.hmviva.us
       https://mep.hmviva.us/about → ERROR: getaddrinfo ENOTFOUND mep.hmviva.us
       https://mep.hmviva.us/archive → ERROR: getaddrinfo ENOTFOUND mep.hmviva.us
  ⚠️  data freshness           WARN
       Newest article: 4.5 min ago
       8 sources active
       Total articles today: 128
       Zero articles from: Haaretz, CNN
  ✅ timestamp integrity      PASS
       No future-dated timestamps
       No clamping-bug clusters
       JPost timezone offset vs others: -412.56h (OK)
  ⚠️  synthesis health         WARN
       developments.json: 1.4 min old
       developments: 4 entries ✓
       sitrep summary: present ✓
       data/sitrep-latest.json is 99.5 min old (threshold: 75 min — synthesizer runs hourly)
  ✅ build health             PASS
       src/data/latest.json: 1.4 min old
       dist/index.html: exists ✓
       PM2 war-dashboard: online (31 restarts)
  ❌ ui smoke                 FAIL
       Failed to fetch homepage: getaddrinfo ENOTFOUND mep.hmviva.us

  📋 Summary: System is in a CRITICAL state. 2 check(s) failed: site_availability, ui_smoke. Additionally 2 warn(s): data_freshness, synthesis_health. Immediate attention required.
  📁 Report saved to: /Users/michaelmatias/Projects/war-dashboard/data/health/2026-04-11-23.json
═══════════════════════════════════════════════════════════


═══════════════════════════════════════════════════════════
  MEP Dashboard Health Check — 2026-04-11T23:25:24.155Z
═══════════════════════════════════════════════════════════
  Overall: 🔴 CRITICAL  (completed in 245ms)

  ❌ site availability        FAIL
       https://mep.hmviva.us/ → ERROR: getaddrinfo ENOTFOUND mep.hmviva.us
       https://mep.hmviva.us/about → ERROR: getaddrinfo ENOTFOUND mep.hmviva.us
       https://mep.hmviva.us/archive → ERROR: getaddrinfo ENOTFOUND mep.hmviva.us
  ⚠️  data freshness           WARN
       Newest article: 4.5 min ago
       8 sources active
       Total articles today: 128
       Zero articles from: Haaretz, CNN
  ✅ timestamp integrity      PASS
       No future-dated timestamps
       No clamping-bug clusters
       JPost timezone offset vs others: -412.56h (OK)
  ⚠️  synthesis health         WARN
       developments.json: 1.4 min old
       developments: 4 entries ✓
       sitrep summary: present ✓
       data/sitrep-latest.json is 99.5 min old (threshold: 75 min — synthesizer runs hourly)
  ✅ build health             PASS
       src/data/latest.json: 1.4 min old
       dist/index.html: exists ✓
       PM2 war-dashboard: online (31 restarts)
  ❌ ui smoke                 FAIL
       Failed to fetch homepage: getaddrinfo ENOTFOUND mep.hmviva.us

  📋 Summary: System is in a CRITICAL state. 2 check(s) failed: site_availability, ui_smoke. Additionally 2 warn(s): data_freshness, synthesis_health. Immediate attention required.
  📁 Report saved to: /Users/michaelmatias/Projects/war-dashboard/data/health/2026-04-11-23.json
═══════════════════════════════════════════════════════════


═══════════════════════════════════════════════════════════
  MEP Dashboard Health Check — 2026-04-12T00:25:24.438Z
═══════════════════════════════════════════════════════════
  Overall: 🔴 CRITICAL  (completed in 207ms)

  ❌ site availability        FAIL
       https://mep.hmviva.us/ → ERROR: getaddrinfo ENOTFOUND mep.hmviva.us
       https://mep.hmviva.us/about → ERROR: getaddrinfo ENOTFOUND mep.hmviva.us
       https://mep.hmviva.us/archive → ERROR: getaddrinfo ENOTFOUND mep.hmviva.us
  ⚠️  data freshness           WARN
       Newest article: 9.8 min ago
       8 sources active
       Total articles today: 135
       Zero articles from: Haaretz, CNN
  ✅ timestamp integrity      PASS
       No future-dated timestamps
       No clamping-bug clusters
       JPost timezone offset vs others: -339.90h (OK)
  ✅ synthesis health         PASS
       developments.json: 1.5 min old
       developments: 4 entries ✓
       sitrep-latest.json: 39.0 min old
       sitrep summary: present ✓
  ✅ build health             PASS
       src/data/latest.json: 1.5 min old
       dist/index.html: exists ✓
       PM2 war-dashboard: online (31 restarts)
  ❌ ui smoke                 FAIL
       Failed to fetch homepage: getaddrinfo ENOTFOUND mep.hmviva.us

  📋 Summary: System is in a CRITICAL state. 2 check(s) failed: site_availability, ui_smoke. Additionally 1 warn(s): data_freshness. Immediate attention required.
  📁 Report saved to: /Users/michaelmatias/Projects/war-dashboard/data/health/2026-04-12-00.json
═══════════════════════════════════════════════════════════


═══════════════════════════════════════════════════════════
  MEP Dashboard Health Check — 2026-04-12T00:25:24.441Z
═══════════════════════════════════════════════════════════
  Overall: 🔴 CRITICAL  (completed in 211ms)

  ❌ site availability        FAIL
       https://mep.hmviva.us/ → ERROR: getaddrinfo ENOTFOUND mep.hmviva.us
       https://mep.hmviva.us/about → ERROR: getaddrinfo ENOTFOUND mep.hmviva.us
       https://mep.hmviva.us/archive → ERROR: getaddrinfo ENOTFOUND mep.hmviva.us
  ⚠️  data freshness           WARN
       Newest article: 9.8 min ago
       8 sources active
       Total articles today: 135
       Zero articles from: Haaretz, CNN
  ✅ timestamp integrity      PASS
       No future-dated timestamps
       No clamping-bug clusters
       JPost timezone offset vs others: -339.90h (OK)
  ✅ synthesis health         PASS
       developments.json: 1.5 min old
       developments: 4 entries ✓
       sitrep-latest.json: 39.0 min old
       sitrep summary: present ✓
  ✅ build health             PASS
       src/data/latest.json: 1.5 min old
       dist/index.html: exists ✓
       PM2 war-dashboard: online (31 restarts)
  ❌ ui smoke                 FAIL
       Failed to fetch homepage: getaddrinfo ENOTFOUND mep.hmviva.us

  📋 Summary: System is in a CRITICAL state. 2 check(s) failed: site_availability, ui_smoke. Additionally 1 warn(s): data_freshness. Immediate attention required.
  📁 Report saved to: /Users/michaelmatias/Projects/war-dashboard/data/health/2026-04-12-00.json
═══════════════════════════════════════════════════════════


═══════════════════════════════════════════════════════════
  MEP Dashboard Health Check — 2026-04-12T01:25:24.772Z
═══════════════════════════════════════════════════════════
  Overall: 🔴 CRITICAL  (completed in 205ms)

  ❌ site availability        FAIL
       https://mep.hmviva.us/ → ERROR: getaddrinfo ENOTFOUND mep.hmviva.us
       https://mep.hmviva.us/about → ERROR: getaddrinfo ENOTFOUND mep.hmviva.us
       https://mep.hmviva.us/archive → ERROR: getaddrinfo ENOTFOUND mep.hmviva.us
  ⚠️  data freshness           WARN
       Newest article: 6.0 min ago
       8 sources active
       Total articles today: 139
       Zero articles from: Haaretz, CNN
  ✅ timestamp integrity      PASS
       No future-dated timestamps
       No clamping-bug clusters
       JPost timezone offset vs others: -340.50h (OK)
  ✅ synthesis health         PASS
       developments.json: 1.4 min old
       developments: 4 entries ✓
       sitrep-latest.json: 38.7 min old
       sitrep summary: present ✓
  ✅ build health             PASS
       src/data/latest.json: 1.3 min old
       dist/index.html: exists ✓
       PM2 war-dashboard: online (31 restarts)
  ❌ ui smoke                 FAIL
       Failed to fetch homepage: getaddrinfo ENOTFOUND mep.hmviva.us

  📋 Summary: System is in a CRITICAL state. 2 check(s) failed: site_availability, ui_smoke. Additionally 1 warn(s): data_freshness. Immediate attention required.
  📁 Report saved to: /Users/michaelmatias/Projects/war-dashboard/data/health/2026-04-12-01.json
═══════════════════════════════════════════════════════════


═══════════════════════════════════════════════════════════
  MEP Dashboard Health Check — 2026-04-12T01:25:24.773Z
═══════════════════════════════════════════════════════════
  Overall: 🔴 CRITICAL  (completed in 199ms)

  ❌ site availability        FAIL
       https://mep.hmviva.us/ → ERROR: getaddrinfo ENOTFOUND mep.hmviva.us
       https://mep.hmviva.us/about → ERROR: getaddrinfo ENOTFOUND mep.hmviva.us
       https://mep.hmviva.us/archive → ERROR: getaddrinfo ENOTFOUND mep.hmviva.us
  ⚠️  data freshness           WARN
       Newest article: 6.0 min ago
       8 sources active
       Total articles today: 139
       Zero articles from: Haaretz, CNN
  ✅ timestamp integrity      PASS
       No future-dated timestamps
       No clamping-bug clusters
       JPost timezone offset vs others: -340.50h (OK)
  ✅ synthesis health         PASS
       developments.json: 1.4 min old
       developments: 4 entries ✓
       sitrep-latest.json: 38.7 min old
       sitrep summary: present ✓
  ✅ build health             PASS
       src/data/latest.json: 1.3 min old
       dist/index.html: exists ✓
       PM2 war-dashboard: online (31 restarts)
  ❌ ui smoke                 FAIL
       Failed to fetch homepage: getaddrinfo ENOTFOUND mep.hmviva.us

  📋 Summary: System is in a CRITICAL state. 2 check(s) failed: site_availability, ui_smoke. Additionally 1 warn(s): data_freshness. Immediate attention required.
  📁 Report saved to: /Users/michaelmatias/Projects/war-dashboard/data/health/2026-04-12-01.json
═══════════════════════════════════════════════════════════



═══════════════════════════════════════════════════════════
═══════════════════════════════════════════════════════════
  MEP Dashboard Health Check — 2026-04-12T02:25:25.049Z
═══════════════════════════════════════════════════════════
  MEP Dashboard Health Check — 2026-04-12T02:25:25.049Z
  Overall: 🔴 CRITICAL  (completed in 189ms)
═══════════════════════════════════════════════════════════

  Overall: 🔴 CRITICAL  (completed in 191ms)
  ❌ site availability        FAIL

       https://mep.hmviva.us/ → ERROR: getaddrinfo ENOTFOUND mep.hmviva.us
       https://mep.hmviva.us/about → ERROR: getaddrinfo ENOTFOUND mep.hmviva.us
  ❌ site availability        FAIL
       https://mep.hmviva.us/archive → ERROR: getaddrinfo ENOTFOUND mep.hmviva.us
       https://mep.hmviva.us/ → ERROR: getaddrinfo ENOTFOUND mep.hmviva.us
  ⚠️  data freshness           WARN
       https://mep.hmviva.us/about → ERROR: getaddrinfo ENOTFOUND mep.hmviva.us
       Newest article: 7.9 min ago
       8 sources active
       Total articles today: 142
       https://mep.hmviva.us/archive → ERROR: getaddrinfo ENOTFOUND mep.hmviva.us
       Zero articles from: Haaretz, CNN
  ✅ timestamp integrity      PASS
  ⚠️  data freshness           WARN
       No future-dated timestamps
       No clamping-bug clusters
       Newest article: 7.9 min ago
       JPost timezone offset vs others: -340.81h (OK)
       8 sources active
  ✅ synthesis health         PASS
       Total articles today: 142
       developments.json: 1.1 min old
       Zero articles from: Haaretz, CNN
       developments: 4 entries ✓
  ✅ timestamp integrity      PASS
       sitrep-latest.json: 38.4 min old
       No future-dated timestamps
       sitrep summary: present ✓
       No clamping-bug clusters
  ✅ build health             PASS
       JPost timezone offset vs others: -340.81h (OK)
       src/data/latest.json: 1.1 min old
  ✅ synthesis health         PASS
       dist/index.html: exists ✓
       developments.json: 1.1 min old
       PM2 war-dashboard: online (31 restarts)
       developments: 4 entries ✓
  ❌ ui smoke                 FAIL
       sitrep-latest.json: 38.4 min old
       Failed to fetch homepage: getaddrinfo ENOTFOUND mep.hmviva.us
       sitrep summary: present ✓

  ✅ build health             PASS
  📋 Summary: System is in a CRITICAL state. 2 check(s) failed: site_availability, ui_smoke. Additionally 1 warn(s): data_freshness. Immediate attention required.
       src/data/latest.json: 1.1 min old
  📁 Report saved to: /Users/michaelmatias/Projects/war-dashboard/data/health/2026-04-12-02.json
       dist/index.html: exists ✓
═══════════════════════════════════════════════════════════
       PM2 war-dashboard: online (31 restarts)

  ❌ ui smoke                 FAIL
       Failed to fetch homepage: getaddrinfo ENOTFOUND mep.hmviva.us

  📋 Summary: System is in a CRITICAL state. 2 check(s) failed: site_availability, ui_smoke. Additionally 1 warn(s): data_freshness. Immediate attention required.
  📁 Report saved to: /Users/michaelmatias/Projects/war-dashboard/data/health/2026-04-12-02.json
═══════════════════════════════════════════════════════════


═══════════════════════════════════════════════════════════
  MEP Dashboard Health Check — 2026-04-12T03:25:25.347Z
═══════════════════════════════════════════════════════════
  Overall: 🔴 CRITICAL  (completed in 210ms)

  ❌ site availability        FAIL
       https://mep.hmviva.us/ → ERROR: getaddrinfo ENOTFOUND mep.hmviva.us
       https://mep.hmviva.us/about → ERROR: getaddrinfo ENOTFOUND mep.hmviva.us
       https://mep.hmviva.us/archive → ERROR: getaddrinfo ENOTFOUND mep.hmviva.us
  ⚠️  data freshness           WARN
       Newest article: 11.0 min ago
       8 sources active
       Total articles today: 152
       Zero articles from: Haaretz, CNN
  ✅ timestamp integrity      PASS
       No future-dated timestamps
       No clamping-bug clusters
       JPost timezone offset vs others: -274.68h (OK)
  ✅ synthesis health         PASS
       developments.json: 1.1 min old
       developments: 4 entries ✓
       sitrep-latest.json: 38.1 min old
       sitrep summary: present ✓
  ✅ build health             PASS
       src/data/latest.json: 1.1 min old
       dist/index.html: exists ✓
       PM2 war-dashboard: online (31 restarts)
  ❌ ui smoke                 FAIL
       Failed to fetch homepage: getaddrinfo ENOTFOUND mep.hmviva.us

  📋 Summary: System is in a CRITICAL state. 2 check(s) failed: site_availability, ui_smoke. Additionally 1 warn(s): data_freshness. Immediate attention required.
  📁 Report saved to: /Users/michaelmatias/Projects/war-dashboard/data/health/2026-04-12-03.json
═══════════════════════════════════════════════════════════


═══════════════════════════════════════════════════════════
  MEP Dashboard Health Check — 2026-04-12T03:25:25.349Z
═══════════════════════════════════════════════════════════
  Overall: 🔴 CRITICAL  (completed in 204ms)

  ❌ site availability        FAIL
       https://mep.hmviva.us/ → ERROR: getaddrinfo ENOTFOUND mep.hmviva.us
       https://mep.hmviva.us/about → ERROR: getaddrinfo ENOTFOUND mep.hmviva.us
       https://mep.hmviva.us/archive → ERROR: getaddrinfo ENOTFOUND mep.hmviva.us
  ⚠️  data freshness           WARN
       Newest article: 11.0 min ago
       8 sources active
       Total articles today: 152
       Zero articles from: Haaretz, CNN
  ✅ timestamp integrity      PASS
       No future-dated timestamps
       No clamping-bug clusters
       JPost timezone offset vs others: -274.68h (OK)
  ✅ synthesis health         PASS
       developments.json: 1.1 min old
       developments: 4 entries ✓
       sitrep-latest.json: 38.1 min old
       sitrep summary: present ✓
  ✅ build health             PASS
       src/data/latest.json: 1.1 min old
       dist/index.html: exists ✓
       PM2 war-dashboard: online (31 restarts)
  ❌ ui smoke                 FAIL
       Failed to fetch homepage: getaddrinfo ENOTFOUND mep.hmviva.us

  📋 Summary: System is in a CRITICAL state. 2 check(s) failed: site_availability, ui_smoke. Additionally 1 warn(s): data_freshness. Immediate attention required.
  📁 Report saved to: /Users/michaelmatias/Projects/war-dashboard/data/health/2026-04-12-03.json
═══════════════════════════════════════════════════════════



═══════════════════════════════════════════════════════════
  MEP Dashboard Health Check — 2026-04-12T04:25:25.801Z
═══════════════════════════════════════════════════════════
  Overall: 🔴 CRITICAL  (completed in 324ms)

═══════════════════════════════════════════════════════════
  ❌ site availability        FAIL
       https://mep.hmviva.us/ → ERROR: getaddrinfo ENOTFOUND mep.hmviva.us
  MEP Dashboard Health Check — 2026-04-12T04:25:25.801Z
       https://mep.hmviva.us/about → ERROR: getaddrinfo ENOTFOUND mep.hmviva.us
═══════════════════════════════════════════════════════════
       https://mep.hmviva.us/archive → ERROR: getaddrinfo ENOTFOUND mep.hmviva.us
  ❌ data freshness           FAIL
       8 sources active
       Total articles today: 161
  Overall: 🔴 CRITICAL  (completed in 320ms)
       Newest article is 16.3 min old (threshold: 15 min)
       Zero articles from: Haaretz, CNN
  ✅ timestamp integrity      PASS
       No future-dated timestamps
       No clamping-bug clusters
       JPost timezone offset vs others: -275.82h (OK)
  ✅ synthesis health         PASS
       developments.json: 4.8 min old

       developments: 4 entries ✓
       sitrep-latest.json: 18.1 min old
       sitrep summary: present ✓
  ✅ build health             PASS
       src/data/latest.json: 1.9 min old
       dist/index.html: exists ✓
       PM2 war-dashboard: online (31 restarts)
  ❌ ui smoke                 FAIL
       Failed to fetch homepage: getaddrinfo ENOTFOUND mep.hmviva.us

  📋 Summary: System is in a CRITICAL state. 3 check(s) failed: site_availability, data_freshness, ui_smoke. Immediate attention required.
  📁 Report saved to: /Users/michaelmatias/Projects/war-dashboard/data/health/2026-04-12-04.json
═══════════════════════════════════════════════════════════

  ❌ site availability        FAIL
       https://mep.hmviva.us/ → ERROR: getaddrinfo ENOTFOUND mep.hmviva.us
       https://mep.hmviva.us/about → ERROR: getaddrinfo ENOTFOUND mep.hmviva.us
       https://mep.hmviva.us/archive → ERROR: getaddrinfo ENOTFOUND mep.hmviva.us
  ❌ data freshness           FAIL
       8 sources active
       Total articles today: 161
       Newest article is 16.3 min old (threshold: 15 min)
       Zero articles from: Haaretz, CNN
  ✅ timestamp integrity      PASS
       No future-dated timestamps
       No clamping-bug clusters
       JPost timezone offset vs others: -275.82h (OK)
  ✅ synthesis health         PASS
       developments.json: 4.8 min old
       developments: 4 entries ✓
       sitrep-latest.json: 18.1 min old
       sitrep summary: present ✓
  ✅ build health             PASS
       src/data/latest.json: 1.9 min old
       dist/index.html: exists ✓
       PM2 war-dashboard: online (31 restarts)
  ❌ ui smoke                 FAIL
       Failed to fetch homepage: getaddrinfo ENOTFOUND mep.hmviva.us

  📋 Summary: System is in a CRITICAL state. 3 check(s) failed: site_availability, data_freshness, ui_smoke. Immediate attention required.
  📁 Report saved to: /Users/michaelmatias/Projects/war-dashboard/data/health/2026-04-12-04.json
═══════════════════════════════════════════════════════════


═══════════════════════════════════════════════════════════
  MEP Dashboard Health Check — 2026-04-12T05:25:26.096Z
═══════════════════════════════════════════════════════════
  Overall: 🔴 CRITICAL  (completed in 198ms)

  ❌ site availability        FAIL
       https://mep.hmviva.us/ → ERROR: getaddrinfo ENOTFOUND mep.hmviva.us
       https://mep.hmviva.us/about → ERROR: getaddrinfo ENOTFOUND mep.hmviva.us
       https://mep.hmviva.us/archive → ERROR: getaddrinfo ENOTFOUND mep.hmviva.us
  ❌ data freshness           FAIL
       8 sources active
       Total articles today: 168
       Newest article is 17.3 min old (threshold: 15 min)
       Zero articles from: Haaretz, CNN
  ✅ timestamp integrity      PASS
       No future-dated timestamps
       No clamping-bug clusters

       JPost timezone offset vs others: -276.61h (OK)
  ✅ synthesis health         PASS
       developments.json: 2.8 min old
       developments: 4 entries ✓
       sitrep-latest.json: 37.3 min old
       sitrep summary: present ✓
  ✅ build health             PASS
       src/data/latest.json: 2.8 min old
       dist/index.html: exists ✓
       PM2 war-dashboard: online (31 restarts)
  ❌ ui smoke                 FAIL
═══════════════════════════════════════════════════════════
       Failed to fetch homepage: getaddrinfo ENOTFOUND mep.hmviva.us

  📋 Summary: System is in a CRITICAL state. 3 check(s) failed: site_availability, data_freshness, ui_smoke. Immediate attention required.
  MEP Dashboard Health Check — 2026-04-12T05:25:26.096Z
  📁 Report saved to: /Users/michaelmatias/Projects/war-dashboard/data/health/2026-04-12-05.json
═══════════════════════════════════════════════════════════
═══════════════════════════════════════════════════════════

  Overall: 🔴 CRITICAL  (completed in 202ms)

  ❌ site availability        FAIL
       https://mep.hmviva.us/ → ERROR: getaddrinfo ENOTFOUND mep.hmviva.us
       https://mep.hmviva.us/about → ERROR: getaddrinfo ENOTFOUND mep.hmviva.us
       https://mep.hmviva.us/archive → ERROR: getaddrinfo ENOTFOUND mep.hmviva.us
  ❌ data freshness           FAIL
       8 sources active
       Total articles today: 168
       Newest article is 17.3 min old (threshold: 15 min)
       Zero articles from: Haaretz, CNN
  ✅ timestamp integrity      PASS
       No future-dated timestamps
       No clamping-bug clusters
       JPost timezone offset vs others: -276.61h (OK)
  ✅ synthesis health         PASS
       developments.json: 2.8 min old
       developments: 4 entries ✓
       sitrep-latest.json: 37.3 min old
       sitrep summary: present ✓
  ✅ build health             PASS
       src/data/latest.json: 2.8 min old
       dist/index.html: exists ✓
       PM2 war-dashboard: online (31 restarts)
  ❌ ui smoke                 FAIL
       Failed to fetch homepage: getaddrinfo ENOTFOUND mep.hmviva.us

  📋 Summary: System is in a CRITICAL state. 3 check(s) failed: site_availability, data_freshness, ui_smoke. Immediate attention required.
  📁 Report saved to: /Users/michaelmatias/Projects/war-dashboard/data/health/2026-04-12-05.json
═══════════════════════════════════════════════════════════


═══════════════════════════════════════════════════════════
  MEP Dashboard Health Check — 2026-04-12T06:25:26.392Z
═══════════════════════════════════════════════════════════
  Overall: 🔴 CRITICAL  (completed in 229ms)

  ❌ site availability        FAIL
       https://mep.hmviva.us/ → ERROR: getaddrinfo ENOTFOUND mep.hmviva.us
       https://mep.hmviva.us/about → ERROR: getaddrinfo ENOTFOUND mep.hmviva.us
       https://mep.hmviva.us/archive → ERROR: getaddrinfo ENOTFOUND mep.hmviva.us
  ⚠️  data freshness           WARN
       Newest article: 12.3 min ago
       8 sources active
       Total articles today: 182
       Zero articles from: Haaretz, CNN
  ✅ timestamp integrity      PASS
       No future-dated timestamps
       No clamping-bug clusters
       JPost timezone offset vs others: -220.62h (OK)
  ✅ synthesis health         PASS
       developments.json: 4.8 min old
       developments: 4 entries ✓
       sitrep-latest.json: 36.9 min old
       sitrep summary: present ✓
  ✅ build health             PASS
       src/data/latest.json: 4.8 min old
       dist/index.html: exists ✓
       PM2 war-dashboard: online (31 restarts)
  ❌ ui smoke                 FAIL
       Failed to fetch homepage: getaddrinfo ENOTFOUND mep.hmviva.us

  📋 Summary: System is in a CRITICAL state. 2 check(s) failed: site_availability, ui_smoke. Additionally 1 warn(s): data_freshness. Immediate attention required.
  📁 Report saved to: /Users/michaelmatias/Projects/war-dashboard/data/health/2026-04-12-06.json
═══════════════════════════════════════════════════════════


═══════════════════════════════════════════════════════════
  MEP Dashboard Health Check — 2026-04-12T06:25:26.395Z
═══════════════════════════════════════════════════════════
  Overall: 🔴 CRITICAL  (completed in 217ms)

  ❌ site availability        FAIL
       https://mep.hmviva.us/ → ERROR: getaddrinfo ENOTFOUND mep.hmviva.us
       https://mep.hmviva.us/about → ERROR: getaddrinfo ENOTFOUND mep.hmviva.us
       https://mep.hmviva.us/archive → ERROR: getaddrinfo ENOTFOUND mep.hmviva.us
  ⚠️  data freshness           WARN
       Newest article: 12.3 min ago
       8 sources active
       Total articles today: 182
       Zero articles from: Haaretz, CNN
  ✅ timestamp integrity      PASS
       No future-dated timestamps
       No clamping-bug clusters
       JPost timezone offset vs others: -220.62h (OK)
  ✅ synthesis health         PASS
       developments.json: 4.8 min old
       developments: 4 entries ✓
       sitrep-latest.json: 36.9 min old
       sitrep summary: present ✓
  ✅ build health             PASS
       src/data/latest.json: 4.8 min old
       dist/index.html: exists ✓
       PM2 war-dashboard: online (31 restarts)
  ❌ ui smoke                 FAIL
       Failed to fetch homepage: getaddrinfo ENOTFOUND mep.hmviva.us

  📋 Summary: System is in a CRITICAL state. 2 check(s) failed: site_availability, ui_smoke. Additionally 1 warn(s): data_freshness. Immediate attention required.
  📁 Report saved to: /Users/michaelmatias/Projects/war-dashboard/data/health/2026-04-12-06.json
═══════════════════════════════════════════════════════════


═══════════════════════════════════════════════════════════
  MEP Dashboard Health Check — 2026-04-12T07:25:26.737Z
═══════════════════════════════════════════════════════════
  Overall: 🔴 CRITICAL  (completed in 226ms)

  ❌ site availability        FAIL
       https://mep.hmviva.us/ → ERROR: getaddrinfo ENOTFOUND mep.hmviva.us
       https://mep.hmviva.us/about → ERROR: getaddrinfo ENOTFOUND mep.hmviva.us
       https://mep.hmviva.us/archive → ERROR: getaddrinfo ENOTFOUND mep.hmviva.us
  ❌ data freshness           FAIL
       8 sources active
       Total articles today: 188
       Newest article is 16.3 min old (threshold: 15 min)
       Zero articles from: Haaretz, CNN
  ✅ timestamp integrity      PASS
       No future-dated timestamps
       No clamping-bug clusters
       JPost timezone offset vs others: -221.16h (OK)
  ✅ synthesis health         PASS
       developments.json: 5.6 min old
       developments: 4 entries ✓
       sitrep-latest.json: 36.5 min old
       sitrep summary: present ✓
  ✅ build health             PASS
       src/data/latest.json: 5.6 min old
       dist/index.html: exists ✓
       PM2 war-dashboard: online (31 restarts)
  ❌ ui smoke                 FAIL
       Failed to fetch homepage: getaddrinfo ENOTFOUND mep.hmviva.us

  📋 Summary: System is in a CRITICAL state. 3 check(s) failed: site_availability, data_freshness, ui_smoke. Immediate attention required.
  📁 Report saved to: /Users/michaelmatias/Projects/war-dashboard/data/health/2026-04-12-07.json
═══════════════════════════════════════════════════════════


═══════════════════════════════════════════════════════════
  MEP Dashboard Health Check — 2026-04-12T07:25:26.738Z
═══════════════════════════════════════════════════════════
  Overall: 🔴 CRITICAL  (completed in 226ms)

  ❌ site availability        FAIL
       https://mep.hmviva.us/ → ERROR: getaddrinfo ENOTFOUND mep.hmviva.us
       https://mep.hmviva.us/about → ERROR: getaddrinfo ENOTFOUND mep.hmviva.us
       https://mep.hmviva.us/archive → ERROR: getaddrinfo ENOTFOUND mep.hmviva.us
  ❌ data freshness           FAIL
       8 sources active
       Total articles today: 188
       Newest article is 16.3 min old (threshold: 15 min)
       Zero articles from: Haaretz, CNN
  ✅ timestamp integrity      PASS
       No future-dated timestamps
       No clamping-bug clusters
       JPost timezone offset vs others: -221.16h (OK)
  ✅ synthesis health         PASS
       developments.json: 5.6 min old
       developments: 4 entries ✓
       sitrep-latest.json: 36.5 min old
       sitrep summary: present ✓
  ✅ build health             PASS
       src/data/latest.json: 5.6 min old
       dist/index.html: exists ✓
       PM2 war-dashboard: online (31 restarts)
  ❌ ui smoke                 FAIL
       Failed to fetch homepage: getaddrinfo ENOTFOUND mep.hmviva.us

  📋 Summary: System is in a CRITICAL state. 3 check(s) failed: site_availability, data_freshness, ui_smoke. Immediate attention required.
  📁 Report saved to: /Users/michaelmatias/Projects/war-dashboard/data/health/2026-04-12-07.json
═══════════════════════════════════════════════════════════


═══════════════════════════════════════════════════════════
  MEP Dashboard Health Check — 2026-04-12T08:25:27.033Z
═══════════════════════════════════════════════════════════
  Overall: 🔴 CRITICAL  (completed in 206ms)

  ❌ site availability        FAIL
       https://mep.hmviva.us/ → ERROR: getaddrinfo ENOTFOUND mep.hmviva.us
       https://mep.hmviva.us/about → ERROR: getaddrinfo ENOTFOUND mep.hmviva.us
       https://mep.hmviva.us/archive → ERROR: getaddrinfo ENOTFOUND mep.hmviva.us
  ⚠️  data freshness           WARN
       Newest article: 12.0 min ago
       8 sources active
       Total articles today: 196
       Zero articles from: Haaretz, CNN
  ✅ timestamp integrity      PASS
       No future-dated timestamps
       No clamping-bug clusters
       JPost timezone offset vs others: -221.44h (OK)
  ✅ synthesis health         PASS
       developments.json: 4.3 min old
       developments: 4 entries ✓
       sitrep-latest.json: 36.1 min old
       sitrep summary: present ✓
  ✅ build health             PASS
       src/data/latest.json: 4.3 min old
       dist/index.html: exists ✓
       PM2 war-dashboard: online (31 restarts)
  ❌ ui smoke                 FAIL
       Failed to fetch homepage: getaddrinfo ENOTFOUND mep.hmviva.us

  📋 Summary: System is in a CRITICAL state. 2 check(s) failed: site_availability, ui_smoke. Additionally 1 warn(s): data_freshness. Immediate attention required.
  📁 Report saved to: /Users/michaelmatias/Projects/war-dashboard/data/health/2026-04-12-08.json
═══════════════════════════════════════════════════════════


═══════════════════════════════════════════════════════════
  MEP Dashboard Health Check — 2026-04-12T08:25:27.035Z
═══════════════════════════════════════════════════════════
  Overall: 🔴 CRITICAL  (completed in 208ms)

  ❌ site availability        FAIL
       https://mep.hmviva.us/ → ERROR: getaddrinfo ENOTFOUND mep.hmviva.us
       https://mep.hmviva.us/about → ERROR: getaddrinfo ENOTFOUND mep.hmviva.us
       https://mep.hmviva.us/archive → ERROR: getaddrinfo ENOTFOUND mep.hmviva.us
  ⚠️  data freshness           WARN
       Newest article: 12.0 min ago
       8 sources active
       Total articles today: 196
       Zero articles from: Haaretz, CNN
  ✅ timestamp integrity      PASS
       No future-dated timestamps
       No clamping-bug clusters
       JPost timezone offset vs others: -221.44h (OK)
  ✅ synthesis health         PASS
       developments.json: 4.3 min old
       developments: 4 entries ✓
       sitrep-latest.json: 36.1 min old
       sitrep summary: present ✓
  ✅ build health             PASS
       src/data/latest.json: 4.3 min old
       dist/index.html: exists ✓
       PM2 war-dashboard: online (31 restarts)
  ❌ ui smoke                 FAIL
       Failed to fetch homepage: getaddrinfo ENOTFOUND mep.hmviva.us

  📋 Summary: System is in a CRITICAL state. 2 check(s) failed: site_availability, ui_smoke. Additionally 1 warn(s): data_freshness. Immediate attention required.
  📁 Report saved to: /Users/michaelmatias/Projects/war-dashboard/data/health/2026-04-12-08.json
═══════════════════════════════════════════════════════════



═══════════════════════════════════════════════════════════
═══════════════════════════════════════════════════════════
  MEP Dashboard Health Check — 2026-04-12T09:25:27.314Z
  MEP Dashboard Health Check — 2026-04-12T09:25:27.314Z
═══════════════════════════════════════════════════════════
═══════════════════════════════════════════════════════════
  Overall: 🔴 CRITICAL  (completed in 198ms)
  Overall: 🔴 CRITICAL  (completed in 198ms)


  ❌ site availability        FAIL
  ❌ site availability        FAIL
       https://mep.hmviva.us/ → ERROR: getaddrinfo ENOTFOUND mep.hmviva.us
       https://mep.hmviva.us/ → ERROR: getaddrinfo ENOTFOUND mep.hmviva.us
       https://mep.hmviva.us/about → ERROR: getaddrinfo ENOTFOUND mep.hmviva.us
       https://mep.hmviva.us/about → ERROR: getaddrinfo ENOTFOUND mep.hmviva.us
       https://mep.hmviva.us/archive → ERROR: getaddrinfo ENOTFOUND mep.hmviva.us
       https://mep.hmviva.us/archive → ERROR: getaddrinfo ENOTFOUND mep.hmviva.us
  ⚠️  data freshness           WARN
  ⚠️  data freshness           WARN
       Newest article: 13.0 min ago
       Newest article: 13.0 min ago
       8 sources active
       8 sources active
       Total articles today: 214
       Total articles today: 214
       Zero articles from: Haaretz, CNN
       Zero articles from: Haaretz, CNN
  ✅ timestamp integrity      PASS
  ✅ timestamp integrity      PASS
       No future-dated timestamps
       No future-dated timestamps
       No clamping-bug clusters
       No clamping-bug clusters
       JPost timezone offset vs others: -165.04h (OK)
       JPost timezone offset vs others: -165.04h (OK)
  ✅ synthesis health         PASS
  ✅ synthesis health         PASS
       developments.json: 2.1 min old
       developments.json: 2.1 min old
       developments: 4 entries ✓
       developments: 4 entries ✓
       sitrep-latest.json: 35.6 min old
       sitrep-latest.json: 35.6 min old
       sitrep summary: present ✓
       sitrep summary: present ✓
  ✅ build health             PASS
  ✅ build health             PASS
       src/data/latest.json: 2.0 min old
       src/data/latest.json: 2.0 min old
       dist/index.html: exists ✓
       dist/index.html: exists ✓
       PM2 war-dashboard: online (31 restarts)
       PM2 war-dashboard: online (31 restarts)
  ❌ ui smoke                 FAIL
  ❌ ui smoke                 FAIL
       Failed to fetch homepage: getaddrinfo ENOTFOUND mep.hmviva.us
       Failed to fetch homepage: getaddrinfo ENOTFOUND mep.hmviva.us


  📋 Summary: System is in a CRITICAL state. 2 check(s) failed: site_availability, ui_smoke. Additionally 1 warn(s): data_freshness. Immediate attention required.
  📋 Summary: System is in a CRITICAL state. 2 check(s) failed: site_availability, ui_smoke. Additionally 1 warn(s): data_freshness. Immediate attention required.
  📁 Report saved to: /Users/michaelmatias/Projects/war-dashboard/data/health/2026-04-12-09.json
  📁 Report saved to: /Users/michaelmatias/Projects/war-dashboard/data/health/2026-04-12-09.json
═══════════════════════════════════════════════════════════
═══════════════════════════════════════════════════════════




═══════════════════════════════════════════════════════════
═══════════════════════════════════════════════════════════
  MEP Dashboard Health Check — 2026-04-12T10:25:27.574Z
  MEP Dashboard Health Check — 2026-04-12T10:25:27.574Z
═══════════════════════════════════════════════════════════
═══════════════════════════════════════════════════════════
  Overall: 🔴 CRITICAL  (completed in 192ms)
  Overall: 🔴 CRITICAL  (completed in 192ms)


  ❌ site availability        FAIL
  ❌ site availability        FAIL
       https://mep.hmviva.us/ → ERROR: getaddrinfo ENOTFOUND mep.hmviva.us
       https://mep.hmviva.us/ → ERROR: getaddrinfo ENOTFOUND mep.hmviva.us
       https://mep.hmviva.us/about → ERROR: getaddrinfo ENOTFOUND mep.hmviva.us
       https://mep.hmviva.us/about → ERROR: getaddrinfo ENOTFOUND mep.hmviva.us
       https://mep.hmviva.us/archive → ERROR: getaddrinfo ENOTFOUND mep.hmviva.us
       https://mep.hmviva.us/archive → ERROR: getaddrinfo ENOTFOUND mep.hmviva.us
  ⚠️  data freshness           WARN
  ⚠️  data freshness           WARN
       Newest article: 8.3 min ago
       Newest article: 8.3 min ago
       8 sources active
       8 sources active
       Total articles today: 227
       Total articles today: 227
       Zero articles from: Haaretz, CNN
       Zero articles from: Haaretz, CNN
  ✅ timestamp integrity      PASS
  ✅ timestamp integrity      PASS
       No future-dated timestamps
       No future-dated timestamps
       No clamping-bug clusters
       No clamping-bug clusters
       JPost timezone offset vs others: -150.39h (OK)
       JPost timezone offset vs others: -150.39h (OK)
  ✅ synthesis health         PASS
  ✅ synthesis health         PASS
       developments.json: 2.0 min old
       developments.json: 2.0 min old
       developments: 4 entries ✓
       developments: 4 entries ✓
       sitrep-latest.json: 35.1 min old
       sitrep-latest.json: 35.1 min old
       sitrep summary: present ✓
       sitrep summary: present ✓
  ✅ build health             PASS
  ✅ build health             PASS
       src/data/latest.json: 2.0 min old
       src/data/latest.json: 2.0 min old
       dist/index.html: exists ✓
       dist/index.html: exists ✓
       PM2 war-dashboard: online (31 restarts)
       PM2 war-dashboard: online (31 restarts)
  ❌ ui smoke                 FAIL
       Failed to fetch homepage: getaddrinfo ENOTFOUND mep.hmviva.us

  ❌ ui smoke                 FAIL
  📋 Summary: System is in a CRITICAL state. 2 check(s) failed: site_availability, ui_smoke. Additionally 1 warn(s): data_freshness. Immediate attention required.
  📁 Report saved to: /Users/michaelmatias/Projects/war-dashboard/data/health/2026-04-12-10.json
       Failed to fetch homepage: getaddrinfo ENOTFOUND mep.hmviva.us
═══════════════════════════════════════════════════════════


  📋 Summary: System is in a CRITICAL state. 2 check(s) failed: site_availability, ui_smoke. Additionally 1 warn(s): data_freshness. Immediate attention required.
  📁 Report saved to: /Users/michaelmatias/Projects/war-dashboard/data/health/2026-04-12-10.json
═══════════════════════════════════════════════════════════


═══════════════════════════════════════════════════════════
  MEP Dashboard Health Check — 2026-04-12T11:25:27.874Z
═══════════════════════════════════════════════════════════
  Overall: 🔴 CRITICAL  (completed in 190ms)

  ❌ site availability        FAIL
       https://mep.hmviva.us/ → ERROR: getaddrinfo ENOTFOUND mep.hmviva.us
       https://mep.hmviva.us/about → ERROR: getaddrinfo ENOTFOUND mep.hmviva.us
       https://mep.hmviva.us/archive → ERROR: getaddrinfo ENOTFOUND mep.hmviva.us
  ⚠️  data freshness           WARN
       Newest article: 11.3 min ago
       8 sources active
       Total articles today: 239
       Zero articles from: Haaretz, CNN
  ✅ timestamp integrity      PASS
       No future-dated timestamps
       No clamping-bug clusters
       JPost timezone offset vs others: -133.63h (OK)
  ✅ synthesis health         PASS
       developments.json: 0.2 min old
       developments: 4 entries ✓
       sitrep-latest.json: 34.6 min old
       sitrep summary: present ✓
  ✅ build health             PASS
       src/data/latest.json: 0.1 min old
       dist/index.html: exists ✓
       PM2 war-dashboard: online (31 restarts)
  ❌ ui smoke                 FAIL
       Failed to fetch homepage: getaddrinfo ENOTFOUND mep.hmviva.us

  📋 Summary: System is in a CRITICAL state. 2 check(s) failed: site_availability, ui_smoke. Additionally 1 warn(s): data_freshness. Immediate attention required.
  📁 Report saved to: /Users/michaelmatias/Projects/war-dashboard/data/health/2026-04-12-11.json
═══════════════════════════════════════════════════════════


═══════════════════════════════════════════════════════════
  MEP Dashboard Health Check — 2026-04-12T11:25:27.875Z
═══════════════════════════════════════════════════════════
  Overall: 🔴 CRITICAL  (completed in 192ms)

  ❌ site availability        FAIL
       https://mep.hmviva.us/ → ERROR: getaddrinfo ENOTFOUND mep.hmviva.us
       https://mep.hmviva.us/about → ERROR: getaddrinfo ENOTFOUND mep.hmviva.us
       https://mep.hmviva.us/archive → ERROR: getaddrinfo ENOTFOUND mep.hmviva.us
  ⚠️  data freshness           WARN
       Newest article: 11.3 min ago
       8 sources active
       Total articles today: 239
       Zero articles from: Haaretz, CNN
  ✅ timestamp integrity      PASS
       No future-dated timestamps
       No clamping-bug clusters
       JPost timezone offset vs others: -133.63h (OK)
  ✅ synthesis health         PASS
       developments.json: 0.2 min old
       developments: 4 entries ✓
       sitrep-latest.json: 34.6 min old
       sitrep summary: present ✓
  ✅ build health             PASS
       src/data/latest.json: 0.1 min old
       dist/index.html: exists ✓
       PM2 war-dashboard: online (31 restarts)
  ❌ ui smoke                 FAIL
       Failed to fetch homepage: getaddrinfo ENOTFOUND mep.hmviva.us

  📋 Summary: System is in a CRITICAL state. 2 check(s) failed: site_availability, ui_smoke. Additionally 1 warn(s): data_freshness. Immediate attention required.
  📁 Report saved to: /Users/michaelmatias/Projects/war-dashboard/data/health/2026-04-12-11.json
═══════════════════════════════════════════════════════════



═══════════════════════════════════════════════════════════
  MEP Dashboard Health Check — 2026-04-12T12:25:28.224Z
═══════════════════════════════════════════════════════════
═══════════════════════════════════════════════════════════
  Overall: 🔴 CRITICAL  (completed in 188ms)
  MEP Dashboard Health Check — 2026-04-12T12:25:28.224Z

═══════════════════════════════════════════════════════════
  Overall: 🔴 CRITICAL  (completed in 189ms)
  ❌ site availability        FAIL

       https://mep.hmviva.us/ → ERROR: getaddrinfo ENOTFOUND mep.hmviva.us
       https://mep.hmviva.us/about → ERROR: getaddrinfo ENOTFOUND mep.hmviva.us
  ❌ site availability        FAIL
       https://mep.hmviva.us/archive → ERROR: getaddrinfo ENOTFOUND mep.hmviva.us
       https://mep.hmviva.us/ → ERROR: getaddrinfo ENOTFOUND mep.hmviva.us
  ⚠️  data freshness           WARN
       https://mep.hmviva.us/about → ERROR: getaddrinfo ENOTFOUND mep.hmviva.us
       Newest article: 9.8 min ago
       8 sources active
       Total articles today: 254
       https://mep.hmviva.us/archive → ERROR: getaddrinfo ENOTFOUND mep.hmviva.us
       Zero articles from: Haaretz, CNN
  ✅ timestamp integrity      PASS
  ⚠️  data freshness           WARN
       No future-dated timestamps
       Newest article: 9.8 min ago
       No clamping-bug clusters
       8 sources active
       JPost timezone offset vs others: -135.40h (OK)
       Total articles today: 254
  ✅ synthesis health         PASS
       Zero articles from: Haaretz, CNN
       developments.json: 8.6 min old
  ✅ timestamp integrity      PASS
       developments: 4 entries ✓
       sitrep-latest.json: 34.0 min old
       No future-dated timestamps
       sitrep summary: present ✓
       No clamping-bug clusters
  ✅ build health             PASS
       JPost timezone offset vs others: -135.40h (OK)
  ✅ synthesis health         PASS
       src/data/latest.json: 1.0 min old
       developments.json: 8.6 min old
       dist/index.html: exists ✓
       developments: 4 entries ✓
       PM2 war-dashboard: online (31 restarts)
       sitrep-latest.json: 34.0 min old
  ❌ ui smoke                 FAIL
       Failed to fetch homepage: getaddrinfo ENOTFOUND mep.hmviva.us
       sitrep summary: present ✓

  📋 Summary: System is in a CRITICAL state. 2 check(s) failed: site_availability, ui_smoke. Additionally 1 warn(s): data_freshness. Immediate attention required.
  ✅ build health             PASS
  📁 Report saved to: /Users/michaelmatias/Projects/war-dashboard/data/health/2026-04-12-12.json
═══════════════════════════════════════════════════════════
       src/data/latest.json: 1.0 min old

       dist/index.html: exists ✓
       PM2 war-dashboard: online (31 restarts)
  ❌ ui smoke                 FAIL
       Failed to fetch homepage: getaddrinfo ENOTFOUND mep.hmviva.us

  📋 Summary: System is in a CRITICAL state. 2 check(s) failed: site_availability, ui_smoke. Additionally 1 warn(s): data_freshness. Immediate attention required.
  📁 Report saved to: /Users/michaelmatias/Projects/war-dashboard/data/health/2026-04-12-12.json
═══════════════════════════════════════════════════════════


═══════════════════════════════════════════════════════════
  MEP Dashboard Health Check — 2026-04-12T13:25:28.512Z
═══════════════════════════════════════════════════════════
  Overall: 🔴 CRITICAL  (completed in 192ms)

  ❌ site availability        FAIL
       https://mep.hmviva.us/ → ERROR: getaddrinfo ENOTFOUND mep.hmviva.us
       https://mep.hmviva.us/about → ERROR: getaddrinfo ENOTFOUND mep.hmviva.us
       https://mep.hmviva.us/archive → ERROR: getaddrinfo ENOTFOUND mep.hmviva.us
  ⚠️  data freshness           WARN
       Newest article: 12.9 min ago
       8 sources active
       Total articles today: 275
       Zero articles from: Haaretz, CNN
  ✅ timestamp integrity      PASS
       No future-dated timestamps
       No clamping-bug clusters
       JPost timezone offset vs others: -116.51h (OK)
  ✅ synthesis health         PASS
       developments.json: 1.7 min old
       developments: 4 entries ✓
       sitrep-latest.json: 33.6 min old
       sitrep summary: present ✓
  ✅ build health             PASS
       src/data/latest.json: 1.7 min old
       dist/index.html: exists ✓
       PM2 war-dashboard: online (31 restarts)
  ❌ ui smoke                 FAIL
       Failed to fetch homepage: getaddrinfo ENOTFOUND mep.hmviva.us

  📋 Summary: System is in a CRITICAL state. 2 check(s) failed: site_availability, ui_smoke. Additionally 1 warn(s): data_freshness. Immediate attention required.
  📁 Report saved to: /Users/michaelmatias/Projects/war-dashboard/data/health/2026-04-12-13.json
═══════════════════════════════════════════════════════════


═══════════════════════════════════════════════════════════
  MEP Dashboard Health Check — 2026-04-12T13:25:28.513Z
═══════════════════════════════════════════════════════════
  Overall: 🔴 CRITICAL  (completed in 194ms)

  ❌ site availability        FAIL
       https://mep.hmviva.us/ → ERROR: getaddrinfo ENOTFOUND mep.hmviva.us
       https://mep.hmviva.us/about → ERROR: getaddrinfo ENOTFOUND mep.hmviva.us
       https://mep.hmviva.us/archive → ERROR: getaddrinfo ENOTFOUND mep.hmviva.us
  ⚠️  data freshness           WARN
       Newest article: 12.9 min ago
       8 sources active
       Total articles today: 275
       Zero articles from: Haaretz, CNN
  ✅ timestamp integrity      PASS
       No future-dated timestamps
       No clamping-bug clusters
       JPost timezone offset vs others: -116.51h (OK)
  ✅ synthesis health         PASS
       developments.json: 1.7 min old
       developments: 4 entries ✓
       sitrep-latest.json: 33.6 min old
       sitrep summary: present ✓
  ✅ build health             PASS
       src/data/latest.json: 1.7 min old
       dist/index.html: exists ✓
       PM2 war-dashboard: online (31 restarts)
  ❌ ui smoke                 FAIL
       Failed to fetch homepage: getaddrinfo ENOTFOUND mep.hmviva.us

  📋 Summary: System is in a CRITICAL state. 2 check(s) failed: site_availability, ui_smoke. Additionally 1 warn(s): data_freshness. Immediate attention required.
  📁 Report saved to: /Users/michaelmatias/Projects/war-dashboard/data/health/2026-04-12-13.json
═══════════════════════════════════════════════════════════



═══════════════════════════════════════════════════════════
═══════════════════════════════════════════════════════════
  MEP Dashboard Health Check — 2026-04-12T14:25:28.798Z
  MEP Dashboard Health Check — 2026-04-12T14:25:28.798Z
═══════════════════════════════════════════════════════════
═══════════════════════════════════════════════════════════
  Overall: 🔴 CRITICAL  (completed in 189ms)
  Overall: 🔴 CRITICAL  (completed in 189ms)


  ❌ site availability        FAIL
  ❌ site availability        FAIL
       https://mep.hmviva.us/ → ERROR: getaddrinfo ENOTFOUND mep.hmviva.us
       https://mep.hmviva.us/ → ERROR: getaddrinfo ENOTFOUND mep.hmviva.us
       https://mep.hmviva.us/about → ERROR: getaddrinfo ENOTFOUND mep.hmviva.us
       https://mep.hmviva.us/about → ERROR: getaddrinfo ENOTFOUND mep.hmviva.us
       https://mep.hmviva.us/archive → ERROR: getaddrinfo ENOTFOUND mep.hmviva.us
       https://mep.hmviva.us/archive → ERROR: getaddrinfo ENOTFOUND mep.hmviva.us
  ⚠️  data freshness           WARN
  ⚠️  data freshness           WARN
       Newest article: 10.3 min ago
       Newest article: 10.3 min ago
       8 sources active
       8 sources active
       Total articles today: 291
       Total articles today: 291
       Zero articles from: Haaretz, CNN
       Zero articles from: Haaretz, CNN
  ✅ timestamp integrity      PASS
  ✅ timestamp integrity      PASS
       No future-dated timestamps
       No future-dated timestamps
       No clamping-bug clusters
       No clamping-bug clusters
       JPost timezone offset vs others: -117.79h (OK)
       JPost timezone offset vs others: -117.79h (OK)
  ✅ synthesis health         PASS
  ✅ synthesis health         PASS
       developments.json: 2.4 min old
       developments.json: 2.4 min old
       developments: 4 entries ✓
       developments: 4 entries ✓
       sitrep-latest.json: 33.3 min old
       sitrep-latest.json: 33.3 min old
       sitrep summary: present ✓
       sitrep summary: present ✓
  ✅ build health             PASS
  ✅ build health             PASS
       src/data/latest.json: 2.4 min old
       src/data/latest.json: 2.4 min old
       dist/index.html: exists ✓
       dist/index.html: exists ✓
       PM2 war-dashboard: online (31 restarts)
       PM2 war-dashboard: online (31 restarts)
  ❌ ui smoke                 FAIL
  ❌ ui smoke                 FAIL
       Failed to fetch homepage: getaddrinfo ENOTFOUND mep.hmviva.us
       Failed to fetch homepage: getaddrinfo ENOTFOUND mep.hmviva.us


  📋 Summary: System is in a CRITICAL state. 2 check(s) failed: site_availability, ui_smoke. Additionally 1 warn(s): data_freshness. Immediate attention required.
  📋 Summary: System is in a CRITICAL state. 2 check(s) failed: site_availability, ui_smoke. Additionally 1 warn(s): data_freshness. Immediate attention required.
  📁 Report saved to: /Users/michaelmatias/Projects/war-dashboard/data/health/2026-04-12-14.json
  📁 Report saved to: /Users/michaelmatias/Projects/war-dashboard/data/health/2026-04-12-14.json
═══════════════════════════════════════════════════════════
═══════════════════════════════════════════════════════════




═══════════════════════════════════════════════════════════
═══════════════════════════════════════════════════════════
  MEP Dashboard Health Check — 2026-04-12T15:25:29.056Z
  MEP Dashboard Health Check — 2026-04-12T15:25:29.056Z
═══════════════════════════════════════════════════════════
═══════════════════════════════════════════════════════════
  Overall: 🔴 CRITICAL  (completed in 190ms)
  Overall: 🔴 CRITICAL  (completed in 191ms)


  ❌ site availability        FAIL
  ❌ site availability        FAIL
       https://mep.hmviva.us/ → ERROR: getaddrinfo ENOTFOUND mep.hmviva.us
       https://mep.hmviva.us/ → ERROR: getaddrinfo ENOTFOUND mep.hmviva.us
       https://mep.hmviva.us/about → ERROR: getaddrinfo ENOTFOUND mep.hmviva.us
       https://mep.hmviva.us/about → ERROR: getaddrinfo ENOTFOUND mep.hmviva.us
       https://mep.hmviva.us/archive → ERROR: getaddrinfo ENOTFOUND mep.hmviva.us
       https://mep.hmviva.us/archive → ERROR: getaddrinfo ENOTFOUND mep.hmviva.us
  ⚠️  data freshness           WARN
  ⚠️  data freshness           WARN
       Newest article: 14.8 min ago
       Newest article: 14.8 min ago
       8 sources active
       8 sources active
       Total articles today: 303
       Total articles today: 303
       Zero articles from: Haaretz, CNN
       Zero articles from: Haaretz, CNN
  ✅ timestamp integrity      PASS
  ✅ timestamp integrity      PASS
       No future-dated timestamps
       No future-dated timestamps
       No clamping-bug clusters
       No clamping-bug clusters
       JPost timezone offset vs others: -102.15h (OK)
       JPost timezone offset vs others: -102.15h (OK)
  ✅ synthesis health         PASS
  ✅ synthesis health         PASS
       developments.json: 2.3 min old
       developments.json: 2.3 min old
       developments: 4 entries ✓
       developments: 4 entries ✓
       sitrep-latest.json: 32.8 min old
       sitrep-latest.json: 32.8 min old
       sitrep summary: present ✓
       sitrep summary: present ✓
  ✅ build health             PASS
  ✅ build health             PASS
       src/data/latest.json: 2.3 min old
       src/data/latest.json: 2.3 min old
       dist/index.html: exists ✓
       dist/index.html: exists ✓
       PM2 war-dashboard: online (31 restarts)
       PM2 war-dashboard: online (31 restarts)
  ❌ ui smoke                 FAIL
  ❌ ui smoke                 FAIL
       Failed to fetch homepage: getaddrinfo ENOTFOUND mep.hmviva.us
       Failed to fetch homepage: getaddrinfo ENOTFOUND mep.hmviva.us


  📋 Summary: System is in a CRITICAL state. 2 check(s) failed: site_availability, ui_smoke. Additionally 1 warn(s): data_freshness. Immediate attention required.
  📋 Summary: System is in a CRITICAL state. 2 check(s) failed: site_availability, ui_smoke. Additionally 1 warn(s): data_freshness. Immediate attention required.
  📁 Report saved to: /Users/michaelmatias/Projects/war-dashboard/data/health/2026-04-12-15.json
  📁 Report saved to: /Users/michaelmatias/Projects/war-dashboard/data/health/2026-04-12-15.json
═══════════════════════════════════════════════════════════
═══════════════════════════════════════════════════════════




═══════════════════════════════════════════════════════════
═══════════════════════════════════════════════════════════
  MEP Dashboard Health Check — 2026-04-12T16:25:29.419Z
  MEP Dashboard Health Check — 2026-04-12T16:25:29.419Z
═══════════════════════════════════════════════════════════
═══════════════════════════════════════════════════════════
  Overall: 🔴 CRITICAL  (completed in 192ms)
  Overall: 🔴 CRITICAL  (completed in 194ms)


  ❌ site availability        FAIL
  ❌ site availability        FAIL
       https://mep.hmviva.us/ → ERROR: getaddrinfo ENOTFOUND mep.hmviva.us
       https://mep.hmviva.us/ → ERROR: getaddrinfo ENOTFOUND mep.hmviva.us
       https://mep.hmviva.us/about → ERROR: getaddrinfo ENOTFOUND mep.hmviva.us
       https://mep.hmviva.us/about → ERROR: getaddrinfo ENOTFOUND mep.hmviva.us
       https://mep.hmviva.us/archive → ERROR: getaddrinfo ENOTFOUND mep.hmviva.us
       https://mep.hmviva.us/archive → ERROR: getaddrinfo ENOTFOUND mep.hmviva.us
  ❌ data freshness           FAIL
  ❌ data freshness           FAIL
       8 sources active
       Total articles today: 316
       8 sources active
       Newest article is 18.8 min old (threshold: 15 min)
       Total articles today: 316
       Zero articles from: Haaretz, CNN
       Newest article is 18.8 min old (threshold: 15 min)
  ✅ timestamp integrity      PASS
       Zero articles from: Haaretz, CNN
       No future-dated timestamps
  ✅ timestamp integrity      PASS
       No clamping-bug clusters
       No future-dated timestamps
       JPost timezone offset vs others: -96.04h (OK)
       No clamping-bug clusters
  ✅ synthesis health         PASS
       JPost timezone offset vs others: -96.04h (OK)
       developments.json: 1.9 min old
  ✅ synthesis health         PASS
       developments: 4 entries ✓
       developments.json: 1.9 min old
       sitrep-latest.json: 32.5 min old
       developments: 4 entries ✓
       sitrep summary: present ✓
       sitrep-latest.json: 32.5 min old
  ✅ build health             PASS
       sitrep summary: present ✓
  ✅ build health             PASS
       src/data/latest.json: 1.9 min old
       dist/index.html: exists ✓
       src/data/latest.json: 1.9 min old
       PM2 war-dashboard: online (31 restarts)
       dist/index.html: exists ✓
  ❌ ui smoke                 FAIL
       PM2 war-dashboard: online (31 restarts)
       Failed to fetch homepage: getaddrinfo ENOTFOUND mep.hmviva.us
  ❌ ui smoke                 FAIL

       Failed to fetch homepage: getaddrinfo ENOTFOUND mep.hmviva.us
  📋 Summary: System is in a CRITICAL state. 3 check(s) failed: site_availability, data_freshness, ui_smoke. Immediate attention required.

  📁 Report saved to: /Users/michaelmatias/Projects/war-dashboard/data/health/2026-04-12-16.json
  📋 Summary: System is in a CRITICAL state. 3 check(s) failed: site_availability, data_freshness, ui_smoke. Immediate attention required.
═══════════════════════════════════════════════════════════
  📁 Report saved to: /Users/michaelmatias/Projects/war-dashboard/data/health/2026-04-12-16.json

═══════════════════════════════════════════════════════════



═══════════════════════════════════════════════════════════
═══════════════════════════════════════════════════════════
  MEP Dashboard Health Check — 2026-04-12T17:25:29.726Z
═══════════════════════════════════════════════════════════
  MEP Dashboard Health Check — 2026-04-12T17:25:29.726Z
  Overall: 🔴 CRITICAL  (completed in 204ms)
═══════════════════════════════════════════════════════════

  Overall: 🔴 CRITICAL  (completed in 205ms)
  ❌ site availability        FAIL

       https://mep.hmviva.us/ → ERROR: getaddrinfo ENOTFOUND mep.hmviva.us
  ❌ site availability        FAIL
       https://mep.hmviva.us/about → ERROR: getaddrinfo ENOTFOUND mep.hmviva.us
       https://mep.hmviva.us/ → ERROR: getaddrinfo ENOTFOUND mep.hmviva.us
       https://mep.hmviva.us/archive → ERROR: getaddrinfo ENOTFOUND mep.hmviva.us
       https://mep.hmviva.us/about → ERROR: getaddrinfo ENOTFOUND mep.hmviva.us
  ❌ data freshness           FAIL
       8 sources active
       https://mep.hmviva.us/archive → ERROR: getaddrinfo ENOTFOUND mep.hmviva.us
       Total articles today: 335
       Newest article is 16.9 min old (threshold: 15 min)
  ❌ data freshness           FAIL
       Zero articles from: Haaretz, CNN
       8 sources active
  ✅ timestamp integrity      PASS
       Total articles today: 335
       No future-dated timestamps
       Newest article is 16.9 min old (threshold: 15 min)
       No clamping-bug clusters
       Zero articles from: Haaretz, CNN
       JPost timezone offset vs others: -87.29h (OK)
  ✅ timestamp integrity      PASS
  ✅ synthesis health         PASS
       No future-dated timestamps
       developments.json: 3.6 min old
       No clamping-bug clusters
       developments: 4 entries ✓
       JPost timezone offset vs others: -87.29h (OK)
       sitrep-latest.json: 32.0 min old
  ✅ synthesis health         PASS
       sitrep summary: present ✓
       developments.json: 3.6 min old
  ✅ build health             PASS
       developments: 4 entries ✓
       sitrep-latest.json: 32.0 min old
       sitrep summary: present ✓
       src/data/latest.json: 3.6 min old
  ✅ build health             PASS
       dist/index.html: exists ✓
       src/data/latest.json: 3.6 min old
       PM2 war-dashboard: online (31 restarts)
       dist/index.html: exists ✓
  ❌ ui smoke                 FAIL
       PM2 war-dashboard: online (31 restarts)
       Failed to fetch homepage: getaddrinfo ENOTFOUND mep.hmviva.us
  ❌ ui smoke                 FAIL

       Failed to fetch homepage: getaddrinfo ENOTFOUND mep.hmviva.us
  📋 Summary: System is in a CRITICAL state. 3 check(s) failed: site_availability, data_freshness, ui_smoke. Immediate attention required.

  📁 Report saved to: /Users/michaelmatias/Projects/war-dashboard/data/health/2026-04-12-17.json
  📋 Summary: System is in a CRITICAL state. 3 check(s) failed: site_availability, data_freshness, ui_smoke. Immediate attention required.
═══════════════════════════════════════════════════════════
  📁 Report saved to: /Users/michaelmatias/Projects/war-dashboard/data/health/2026-04-12-17.json

═══════════════════════════════════════════════════════════

